#! /usr/bin/vvp
:ivl_version "10.1 (stable)";
:ivl_delay_selection "TYPICAL";
:vpi_time_precision + 0;
:vpi_module "system";
:vpi_module "vhdl_sys";
:vpi_module "v2005_math";
:vpi_module "va_math";
S_0x1275a30 .scope module, "serialtopar" "serialtopar" 2 9;
 .timescale 0 0;
    .port_info 0 /OUTPUT 8 "data_par"
    .port_info 1 /OUTPUT 1 "valid_par"
    .port_info 2 /INPUT 1 "clk_f"
    .port_info 3 /INPUT 1 "clk_8f"
    .port_info 4 /INPUT 1 "reset_L"
    .port_info 5 /INPUT 1 "in"
v0x1275c50_0 .net *"_s1", 6 0, L_0x1296660;  1 drivers
v0x1295af0_0 .var "active", 0 0;
v0x1295bb0_0 .var "bc_cnt", 2 0;
v0x1295c70_0 .var "buffer", 7 0;
v0x1295d50_0 .var "buffer2", 7 0;
o0x7ff14a05d108 .functor BUFZ 1, C4<z>; HiZ drive
v0x1295e80_0 .net "clk_8f", 0 0, o0x7ff14a05d108;  0 drivers
o0x7ff14a05d138 .functor BUFZ 1, C4<z>; HiZ drive
v0x1295f40_0 .net "clk_f", 0 0, o0x7ff14a05d138;  0 drivers
v0x1296000_0 .var "cnt_bits", 2 0;
v0x12960e0_0 .var "data_par", 7 0;
o0x7ff14a05d1c8 .functor BUFZ 1, C4<z>; HiZ drive
v0x12961c0_0 .net "in", 0 0, o0x7ff14a05d1c8;  0 drivers
o0x7ff14a05d1f8 .functor BUFZ 1, C4<z>; HiZ drive
v0x1296280_0 .net "reset_L", 0 0, o0x7ff14a05d1f8;  0 drivers
v0x1296340_0 .net "shift_reg", 7 0, L_0x1296730;  1 drivers
v0x1296420_0 .var "valid", 0 0;
v0x12964e0_0 .var "valid_par", 0 0;
E_0x126b120 .event posedge, v0x1295f40_0;
E_0x1235d50 .event posedge, v0x1295e80_0;
L_0x1296660 .part v0x1295c70_0, 0, 7;
L_0x1296730 .concat [ 1 7 0 0], o0x7ff14a05d1c8, L_0x1296660;
    .scope S_0x1275a30;
T_0 ;
    %wait E_0x1235d50;
    %load/vec4 v0x1296280_0;
    %nor/r;
    %flag_set/vec4 8;
    %jmp/0xz  T_0.0, 8;
    %pushi/vec4 0, 0, 8;
    %assign/vec4 v0x1295c70_0, 0;
    %pushi/vec4 0, 0, 1;
    %assign/vec4 v0x1295af0_0, 0;
    %pushi/vec4 0, 0, 3;
    %assign/vec4 v0x1295bb0_0, 0;
    %pushi/vec4 0, 0, 3;
    %assign/vec4 v0x1296000_0, 0;
    %pushi/vec4 0, 0, 8;
    %assign/vec4 v0x1295d50_0, 0;
    %pushi/vec4 0, 0, 1;
    %assign/vec4 v0x1296420_0, 0;
    %jmp T_0.1;
T_0.0 ;
    %load/vec4 v0x1296340_0;
    %assign/vec4 v0x1295c70_0, 0;
    %load/vec4 v0x1296340_0;
    %cmpi/e 188, 0, 8;
    %jmp/0xz  T_0.2, 4;
    %load/vec4 v0x1295bb0_0;
    %addi 1, 0, 3;
    %assign/vec4 v0x1295bb0_0, 0;
    %pushi/vec4 0, 0, 1;
    %assign/vec4 v0x1296420_0, 0;
    %jmp T_0.3;
T_0.2 ;
    %pushi/vec4 0, 0, 3;
    %assign/vec4 v0x1295bb0_0, 0;
T_0.3 ;
    %pushi/vec4 4, 0, 32;
    %load/vec4 v0x1295bb0_0;
    %pad/u 32;
    %cmp/u;
    %flag_or 5, 4;
    %jmp/0xz  T_0.4, 5;
    %pushi/vec4 1, 0, 1;
    %store/vec4 v0x1295af0_0, 0, 1;
    %pushi/vec4 0, 0, 3;
    %assign/vec4 v0x1296000_0, 0;
T_0.4 ;
    %load/vec4 v0x1295af0_0;
    %load/vec4 v0x1296340_0;
    %pushi/vec4 188, 0, 8;
    %cmp/e;
    %flag_get/vec4 4;
    %inv;
    %and;
    %flag_set/vec4 8;
    %jmp/0xz  T_0.6, 8;
    %pushi/vec4 1, 0, 1;
    %assign/vec4 v0x1296420_0, 0;
T_0.6 ;
    %load/vec4 v0x1295af0_0;
    %flag_set/vec4 8;
    %jmp/0xz  T_0.8, 8;
    %load/vec4 v0x1296000_0;
    %addi 1, 0, 3;
    %assign/vec4 v0x1296000_0, 0;
T_0.8 ;
    %load/vec4 v0x1296000_0;
    %pad/u 32;
    %cmpi/e 8, 0, 32;
    %jmp/0xz  T_0.10, 4;
    %pushi/vec4 0, 0, 3;
    %assign/vec4 v0x1296000_0, 0;
    %load/vec4 v0x1296340_0;
    %assign/vec4 v0x1295d50_0, 0;
T_0.10 ;
T_0.1 ;
    %jmp T_0;
    .thread T_0;
    .scope S_0x1275a30;
T_1 ;
    %wait E_0x126b120;
    %load/vec4 v0x1296280_0;
    %nor/r;
    %flag_set/vec4 8;
    %jmp/0xz  T_1.0, 8;
    %pushi/vec4 0, 0, 8;
    %assign/vec4 v0x12960e0_0, 0;
    %pushi/vec4 0, 0, 1;
    %assign/vec4 v0x12964e0_0, 0;
    %jmp T_1.1;
T_1.0 ;
    %load/vec4 v0x1295d50_0;
    %assign/vec4 v0x12960e0_0, 0;
    %load/vec4 v0x1296420_0;
    %assign/vec4 v0x12964e0_0, 0;
T_1.1 ;
    %jmp T_1;
    .thread T_1;
# The file index is used to find the file name in the following table.
:file_names 3;
    "N/A";
    "<interactive>";
    "serialtopar.v";
