#! /usr/bin/vvp
:ivl_version "10.1 (stable)";
:ivl_delay_selection "TYPICAL";
:vpi_time_precision + 0;
:vpi_module "system";
:vpi_module "vhdl_sys";
:vpi_module "v2005_math";
:vpi_module "va_math";
S_0x2277410 .scope module, "demux" "demux" 2 9;
 .timescale 0 0;
    .port_info 0 /OUTPUT 8 "data_out0"
    .port_info 1 /OUTPUT 8 "data_out1"
    .port_info 2 /OUTPUT 1 "valid_out0"
    .port_info 3 /OUTPUT 1 "valid_out1"
    .port_info 4 /INPUT 1 "valid_in"
    .port_info 5 /INPUT 1 "clk"
    .port_info 6 /INPUT 1 "reset_L"
    .port_info 7 /INPUT 8 "data_in"
o0x7f02d4d4b018 .functor BUFZ 1, C4<z>; HiZ drive
v0x2277660_0 .net "clk", 0 0, o0x7f02d4d4b018;  0 drivers
o0x7f02d4d4b048 .functor BUFZ 8, C4<zzzzzzzz>; HiZ drive
v0x2297460_0 .net "data_in", 7 0, o0x7f02d4d4b048;  0 drivers
v0x2297540_0 .var "data_out0", 7 0;
v0x2297600_0 .var "data_out1", 7 0;
v0x22976e0_0 .var "data_reg0", 7 0;
v0x2297810_0 .var "data_reg1", 7 0;
v0x22978f0_0 .var "reading", 0 0;
o0x7f02d4d4b168 .functor BUFZ 1, C4<z>; HiZ drive
v0x22979b0_0 .net "reset_L", 0 0, o0x7f02d4d4b168;  0 drivers
v0x2297a70_0 .var "selector", 0 0;
v0x2297b30_0 .var "toggle", 0 0;
v0x2297bf0_0 .var "valid0", 0 0;
v0x2297cb0_0 .var "valid1", 0 0;
o0x7f02d4d4b258 .functor BUFZ 1, C4<z>; HiZ drive
v0x2297d70_0 .net "valid_in", 0 0, o0x7f02d4d4b258;  0 drivers
v0x2297e30_0 .var "valid_out0", 0 0;
v0x2297ef0_0 .var "valid_out1", 0 0;
E_0x226aa50 .event posedge, v0x2277660_0;
E_0x2269e30/0 .event edge, v0x22979b0_0, v0x2297a70_0, v0x2297d70_0, v0x2297460_0;
E_0x2269e30/1 .event edge, v0x2297810_0, v0x22976e0_0;
E_0x2269e30 .event/or E_0x2269e30/0, E_0x2269e30/1;
    .scope S_0x2277410;
T_0 ;
    %wait E_0x2269e30;
    %pushi/vec4 0, 0, 8;
    %store/vec4 v0x2297540_0, 0, 8;
    %pushi/vec4 0, 0, 8;
    %store/vec4 v0x2297600_0, 0, 8;
    %pushi/vec4 0, 0, 1;
    %store/vec4 v0x2297e30_0, 0, 1;
    %pushi/vec4 0, 0, 1;
    %store/vec4 v0x2297ef0_0, 0, 1;
    %pushi/vec4 0, 0, 1;
    %store/vec4 v0x22978f0_0, 0, 1;
    %pushi/vec4 1, 0, 1;
    %store/vec4 v0x2297b30_0, 0, 1;
    %load/vec4 v0x22979b0_0;
    %pad/u 32;
    %cmpi/e 0, 0, 32;
    %jmp/0xz  T_0.0, 4;
    %pushi/vec4 0, 0, 8;
    %store/vec4 v0x2297540_0, 0, 8;
    %pushi/vec4 0, 0, 8;
    %store/vec4 v0x2297600_0, 0, 8;
    %pushi/vec4 0, 0, 1;
    %store/vec4 v0x2297e30_0, 0, 1;
    %pushi/vec4 0, 0, 1;
    %store/vec4 v0x2297ef0_0, 0, 1;
    %pushi/vec4 1, 0, 1;
    %store/vec4 v0x2297b30_0, 0, 1;
    %jmp T_0.1;
T_0.0 ;
    %load/vec4 v0x2297a70_0;
    %pad/u 32;
    %pushi/vec4 0, 0, 32;
    %cmp/e;
    %flag_get/vec4 4;
    %load/vec4 v0x2297d70_0;
    %pad/u 32;
    %pushi/vec4 1, 0, 32;
    %cmp/e;
    %flag_get/vec4 4;
    %and;
    %flag_set/vec4 8;
    %jmp/0xz  T_0.2, 8;
    %load/vec4 v0x2297460_0;
    %store/vec4 v0x2297540_0, 0, 8;
    %load/vec4 v0x2297810_0;
    %store/vec4 v0x2297600_0, 0, 8;
    %pushi/vec4 1, 0, 1;
    %store/vec4 v0x2297e30_0, 0, 1;
    %pushi/vec4 0, 0, 1;
    %store/vec4 v0x2297ef0_0, 0, 1;
    %pushi/vec4 1, 0, 1;
    %store/vec4 v0x22978f0_0, 0, 1;
    %pushi/vec4 0, 0, 1;
    %store/vec4 v0x2297b30_0, 0, 1;
    %jmp T_0.3;
T_0.2 ;
    %load/vec4 v0x2297a70_0;
    %pad/u 32;
    %pushi/vec4 1, 0, 32;
    %cmp/e;
    %flag_get/vec4 4;
    %load/vec4 v0x2297d70_0;
    %pad/u 32;
    %pushi/vec4 1, 0, 32;
    %cmp/e;
    %flag_get/vec4 4;
    %and;
    %flag_set/vec4 8;
    %jmp/0xz  T_0.4, 8;
    %load/vec4 v0x22976e0_0;
    %store/vec4 v0x2297540_0, 0, 8;
    %load/vec4 v0x2297460_0;
    %store/vec4 v0x2297600_0, 0, 8;
    %pushi/vec4 0, 0, 1;
    %store/vec4 v0x2297e30_0, 0, 1;
    %pushi/vec4 1, 0, 1;
    %store/vec4 v0x2297ef0_0, 0, 1;
    %pushi/vec4 1, 0, 1;
    %store/vec4 v0x22978f0_0, 0, 1;
    %pushi/vec4 0, 0, 1;
    %store/vec4 v0x2297b30_0, 0, 1;
    %jmp T_0.5;
T_0.4 ;
    %load/vec4 v0x22976e0_0;
    %store/vec4 v0x2297540_0, 0, 8;
    %load/vec4 v0x2297810_0;
    %store/vec4 v0x2297600_0, 0, 8;
    %pushi/vec4 0, 0, 1;
    %store/vec4 v0x2297e30_0, 0, 1;
    %pushi/vec4 0, 0, 1;
    %store/vec4 v0x2297ef0_0, 0, 1;
    %pushi/vec4 0, 0, 1;
    %store/vec4 v0x22978f0_0, 0, 1;
    %pushi/vec4 1, 0, 1;
    %store/vec4 v0x2297b30_0, 0, 1;
T_0.5 ;
T_0.3 ;
T_0.1 ;
    %jmp T_0;
    .thread T_0, $push;
    .scope S_0x2277410;
T_1 ;
    %wait E_0x226aa50;
    %load/vec4 v0x22979b0_0;
    %pad/u 32;
    %cmpi/e 0, 0, 32;
    %jmp/0xz  T_1.0, 4;
    %pushi/vec4 0, 0, 1;
    %assign/vec4 v0x2297a70_0, 0;
    %load/vec4 v0x2297540_0;
    %assign/vec4 v0x22976e0_0, 0;
    %load/vec4 v0x2297600_0;
    %assign/vec4 v0x2297810_0, 0;
    %pushi/vec4 0, 0, 1;
    %assign/vec4 v0x2297bf0_0, 0;
    %pushi/vec4 0, 0, 1;
    %assign/vec4 v0x2297cb0_0, 0;
    %jmp T_1.1;
T_1.0 ;
    %load/vec4 v0x2297b30_0;
    %flag_set/vec4 8;
    %jmp/0xz  T_1.2, 8;
    %load/vec4 v0x2297a70_0;
    %inv;
    %assign/vec4 v0x2297a70_0, 0;
    %jmp T_1.3;
T_1.2 ;
    %load/vec4 v0x2297a70_0;
    %assign/vec4 v0x2297a70_0, 0;
T_1.3 ;
    %load/vec4 v0x2297540_0;
    %assign/vec4 v0x22976e0_0, 0;
    %load/vec4 v0x2297600_0;
    %assign/vec4 v0x2297810_0, 0;
    %load/vec4 v0x2297e30_0;
    %assign/vec4 v0x2297bf0_0, 0;
    %load/vec4 v0x2297ef0_0;
    %assign/vec4 v0x2297cb0_0, 0;
T_1.1 ;
    %jmp T_1;
    .thread T_1;
# The file index is used to find the file name in the following table.
:file_names 3;
    "N/A";
    "<interactive>";
    "demux.v";
