#! /usr/local/bin/vvp
:ivl_version "11.0 (devel)" "(s20150603-600-g9369d6db)";
:ivl_delay_selection "TYPICAL";
:vpi_time_precision + 0;
:vpi_module "system";
:vpi_module "vhdl_sys";
:vpi_module "vhdl_textio";
:vpi_module "v2005_math";
:vpi_module "va_math";
S_0x5592f033f3b0 .scope module, "bs" "bs" 2 1;
 .timescale 0 0;
    .port_info 0 /INPUT 8 "data_in";
    .port_info 1 /INPUT 1 "valid_in";
    .port_info 2 /INPUT 1 "reset";
    .port_info 3 /INPUT 1 "clk_2f";
    .port_info 4 /OUTPUT 8 "lane_0_cond";
    .port_info 5 /OUTPUT 1 "valid_0_cond";
    .port_info 6 /OUTPUT 8 "lane_1_cond";
    .port_info 7 /OUTPUT 1 "valid_1_cond";
o0x7fd079dad018 .functor BUFZ 1, C4<z>; HiZ drive
v0x5592f033f630_0 .net "clk_2f", 0 0, o0x7fd079dad018;  0 drivers
o0x7fd079dad048 .functor BUFZ 8, C4<zzzzzzzz>; HiZ drive
v0x5592f038bd60_0 .net "data_in", 7 0, o0x7fd079dad048;  0 drivers
v0x5592f038be40_0 .var "lane_0_cond", 7 0;
v0x5592f038bf00_0 .var "lane_1_cond", 7 0;
o0x7fd079dad0d8 .functor BUFZ 1, C4<z>; HiZ drive
v0x5592f038bfe0_0 .net "reset", 0 0, o0x7fd079dad0d8;  0 drivers
v0x5592f038c0f0_0 .var "selector", 0 0;
v0x5592f038c1b0_0 .var "valid0flop", 0 0;
v0x5592f038c270_0 .var "valid1flop", 0 0;
v0x5592f038c330_0 .var "valid_0_cond", 0 0;
v0x5592f038c3f0_0 .var "valid_1_cond", 0 0;
o0x7fd079dad1f8 .functor BUFZ 1, C4<z>; HiZ drive
v0x5592f038c4b0_0 .net "valid_in", 0 0, o0x7fd079dad1f8;  0 drivers
E_0x5592f03752b0 .event posedge, v0x5592f033f630_0;
E_0x5592f0375920/0 .event edge, v0x5592f038c4b0_0, v0x5592f038c0f0_0, v0x5592f038bd60_0, v0x5592f038c270_0;
E_0x5592f0375920/1 .event edge, v0x5592f038c1b0_0;
E_0x5592f0375920 .event/or E_0x5592f0375920/0, E_0x5592f0375920/1;
    .scope S_0x5592f033f3b0;
T_0 ;
    %wait E_0x5592f0375920;
    %load/vec4 v0x5592f038c4b0_0;
    %pad/u 32;
    %cmpi/e 0, 0, 32;
    %jmp/0xz  T_0.0, 4;
    %load/vec4 v0x5592f038c0f0_0;
    %pad/u 32;
    %cmpi/e 0, 0, 32;
    %jmp/0xz  T_0.2, 4;
    %load/vec4 v0x5592f038bd60_0;
    %store/vec4 v0x5592f038be40_0, 0, 8;
    %load/vec4 v0x5592f038c4b0_0;
    %store/vec4 v0x5592f038c330_0, 0, 1;
    %load/vec4 v0x5592f038c270_0;
    %store/vec4 v0x5592f038c3f0_0, 0, 1;
    %jmp T_0.3;
T_0.2 ;
    %load/vec4 v0x5592f038bd60_0;
    %store/vec4 v0x5592f038bf00_0, 0, 8;
    %load/vec4 v0x5592f038c4b0_0;
    %store/vec4 v0x5592f038c3f0_0, 0, 1;
    %load/vec4 v0x5592f038c1b0_0;
    %store/vec4 v0x5592f038c330_0, 0, 1;
T_0.3 ;
    %jmp T_0.1;
T_0.0 ;
    %load/vec4 v0x5592f038c0f0_0;
    %pad/u 32;
    %cmpi/e 0, 0, 32;
    %jmp/0xz  T_0.4, 4;
    %load/vec4 v0x5592f038bd60_0;
    %store/vec4 v0x5592f038be40_0, 0, 8;
    %load/vec4 v0x5592f038c4b0_0;
    %store/vec4 v0x5592f038c330_0, 0, 1;
    %load/vec4 v0x5592f038c270_0;
    %store/vec4 v0x5592f038c3f0_0, 0, 1;
    %jmp T_0.5;
T_0.4 ;
    %load/vec4 v0x5592f038bd60_0;
    %store/vec4 v0x5592f038bf00_0, 0, 8;
    %load/vec4 v0x5592f038c4b0_0;
    %store/vec4 v0x5592f038c3f0_0, 0, 1;
    %load/vec4 v0x5592f038c1b0_0;
    %store/vec4 v0x5592f038c330_0, 0, 1;
T_0.5 ;
T_0.1 ;
    %jmp T_0;
    .thread T_0, $push;
    .scope S_0x5592f033f3b0;
T_1 ;
    %wait E_0x5592f03752b0;
    %load/vec4 v0x5592f038bfe0_0;
    %pad/u 32;
    %cmpi/e 0, 0, 32;
    %jmp/0xz  T_1.0, 4;
    %pushi/vec4 0, 0, 1;
    %assign/vec4 v0x5592f038c330_0, 0;
    %pushi/vec4 0, 0, 1;
    %assign/vec4 v0x5592f038c3f0_0, 0;
    %pushi/vec4 0, 0, 8;
    %assign/vec4 v0x5592f038be40_0, 0;
    %pushi/vec4 0, 0, 8;
    %assign/vec4 v0x5592f038bf00_0, 0;
    %pushi/vec4 0, 0, 1;
    %assign/vec4 v0x5592f038c0f0_0, 0;
    %pushi/vec4 0, 0, 1;
    %assign/vec4 v0x5592f038c270_0, 0;
    %pushi/vec4 0, 0, 1;
    %assign/vec4 v0x5592f038c1b0_0, 0;
    %jmp T_1.1;
T_1.0 ;
    %load/vec4 v0x5592f038c4b0_0;
    %pad/u 32;
    %cmpi/e 0, 0, 32;
    %jmp/0xz  T_1.2, 4;
    %pushi/vec4 0, 0, 1;
    %assign/vec4 v0x5592f038c0f0_0, 0;
    %jmp T_1.3;
T_1.2 ;
    %load/vec4 v0x5592f038c0f0_0;
    %inv;
    %assign/vec4 v0x5592f038c0f0_0, 0;
    %load/vec4 v0x5592f038c330_0;
    %assign/vec4 v0x5592f038c1b0_0, 0;
    %load/vec4 v0x5592f038c3f0_0;
    %assign/vec4 v0x5592f038c270_0, 0;
T_1.3 ;
T_1.1 ;
    %jmp T_1;
    .thread T_1;
# The file index is used to find the file name in the following table.
:file_names 3;
    "N/A";
    "<interactive>";
    "bs.v";
